<?xml version="1.0" encoding="UTF-8"?>
<!-- Generated by org.testng.reporters.JUnitReportReporter -->
<testsuite hostname="maa2-19XVBMG5VQ" failures="0" tests="8" name="com.taskmanager.service.ReportServiceTest" time="0.011" errors="0" timestamp="2025-10-07T23:36:19 IST" skipped="0">
  <testcase classname="com.taskmanager.service.ReportServiceTest" name="testCategoryReport" time="0.002"/>
  <system-out/>
  <testcase classname="com.taskmanager.service.ReportServiceTest" name="testEmptyReport" time="0.002"/>
  <system-out/>
  <testcase classname="com.taskmanager.service.ReportServiceTest" name="testTasksCountByPriority" time="0.002"/>
  <system-out/>
  <testcase classname="com.taskmanager.service.ReportServiceTest" name="testGenerateReport" time="0.000"/>
  <system-out/>
  <testcase classname="com.taskmanager.service.ReportServiceTest" name="testStatusReport" time="0.002"/>
  <system-out/>
  <testcase classname="com.taskmanager.service.ReportServiceTest" name="testPriorityReport" time="0.001"/>
  <system-out/>
  <testcase classname="com.taskmanager.service.ReportServiceTest" name="testOverdueTasks" time="0.000"/>
  <system-out/>
  <testcase classname="com.taskmanager.service.ReportServiceTest" name="testTasksCountByStatus" time="0.002"/>
  <system-out/>
</testsuite> <!-- com.taskmanager.service.ReportServiceTest -->
