<?xml version="1.0" encoding="UTF-8"?>
<!-- Generated by org.testng.reporters.JUnitReportReporter -->
<testsuite hostname="maa2-19XVBMG5VQ" failures="0" tests="7" name="com.taskmanager.repository.TaskRepositoryTest" time="0.034" errors="0" timestamp="2025-10-07T23:36:19 IST" skipped="0">
  <testcase classname="com.taskmanager.repository.TaskRepositoryTest" name="testSaveTask" time="0.007"/>
  <system-out/>
  <testcase classname="com.taskmanager.repository.TaskRepositoryTest" name="testFindById" time="0.002"/>
  <system-out/>
  <testcase classname="com.taskmanager.repository.TaskRepositoryTest" name="testFindByIdNotFound" time="0.003"/>
  <system-out/>
  <testcase classname="com.taskmanager.repository.TaskRepositoryTest" name="testFindAll" time="0.002"/>
  <system-out/>
  <testcase classname="com.taskmanager.repository.TaskRepositoryTest" name="testDelete" time="0.002"/>
  <system-out/>
  <testcase classname="com.taskmanager.repository.TaskRepositoryTest" name="testExists" time="0.001"/>
  <system-out/>
  <testcase classname="com.taskmanager.repository.TaskRepositoryTest" name="testClear" time="0.017"/>
  <system-out/>
</testsuite> <!-- com.taskmanager.repository.TaskRepositoryTest -->
