<?xml version="1.0" encoding="UTF-8"?>
<!-- Generated by org.testng.reporters.JUnitReportReporter -->
<testsuite hostname="maa2-19XVBMG5VQ" failures="0" tests="7" name="com.taskmanager.service.CategoryServiceTest" time="0.005" errors="0" timestamp="2025-10-07T23:37:35 IST" skipped="0">
  <testcase classname="com.taskmanager.service.CategoryServiceTest" name="testUpdateCategory" time="0.000"/>
  <system-out/>
  <testcase classname="com.taskmanager.service.CategoryServiceTest" name="testCategoryById" time="0.000"/>
  <system-out/>
  <testcase classname="com.taskmanager.service.CategoryServiceTest" name="testCreateCategory" time="0.000"/>
  <system-out/>
  <testcase classname="com.taskmanager.service.CategoryServiceTest" name="testGetAllCategories" time="0.001"/>
  <system-out/>
  <testcase classname="com.taskmanager.service.CategoryServiceTest" name="testUpdateNonExistentCategory" time="0.002"/>
  <system-out/>
  <testcase classname="com.taskmanager.service.CategoryServiceTest" name="testAllEmptyRepositoryCategories" time="0.001"/>
  <system-out/>
  <testcase classname="com.taskmanager.service.CategoryServiceTest" name="testDeleteCategory" time="0.001"/>
  <system-out/>
</testsuite> <!-- com.taskmanager.service.CategoryServiceTest -->
