<?xml version="1.0" encoding="UTF-8"?>
<!-- Generated by org.testng.reporters.JUnitReportReporter -->
<testsuite hostname="maa2-19XVBMG5VQ" failures="0" tests="16" name="com.taskmanager.util.DateValidatorTest" time="0.013" errors="0" timestamp="2025-10-07T23:37:35 IST" skipped="0">
  <testcase classname="com.taskmanager.util.DateValidatorTest" name="testInvalidDateFormats" time="0.000"/>
  <system-out/>
  <testcase classname="com.taskmanager.util.DateValidatorTest" name="testValidFutureDate" time="0.000"/>
  <system-out/>
  <testcase classname="com.taskmanager.util.DateValidatorTest" name="testLeapYearDate" time="0.001"/>
  <system-out/>
  <testcase classname="com.taskmanager.util.DateValidatorTest" name="testEmptyDate" time="0.000"/>
  <system-out/>
  <testcase classname="com.taskmanager.util.DateValidatorTest" name="testNullDate" time="0.000"/>
  <system-out/>
  <testcase classname="com.taskmanager.util.DateValidatorTest" name="testDateFormats" time="0.004"/>
  <system-out/>
  <testcase classname="com.taskmanager.util.DateValidatorTest" name="testLeapYearValidation" time="0.003"/>
  <system-out/>
  <testcase classname="com.taskmanager.util.DateValidatorTest" name="testDateFormats" time="0.000"/>
  <system-out/>
  <testcase classname="com.taskmanager.util.DateValidatorTest" name="testDateFormats" time="0.001"/>
  <system-out/>
  <testcase classname="com.taskmanager.util.DateValidatorTest" name="testValidDate" time="0.000"/>
  <system-out/>
  <testcase classname="com.taskmanager.util.DateValidatorTest" name="testInvalidDateFormats" time="0.002"/>
  <system-out/>
  <testcase classname="com.taskmanager.util.DateValidatorTest" name="testLeapYearValidation" time="0.000"/>
  <system-out/>
  <testcase classname="com.taskmanager.util.DateValidatorTest" name="testDateFormats" time="0.001"/>
  <system-out/>
  <testcase classname="com.taskmanager.util.DateValidatorTest" name="testLeapYearValidation" time="0.000"/>
  <system-out/>
  <testcase classname="com.taskmanager.util.DateValidatorTest" name="testPastDate" time="0.001"/>
  <system-out/>
  <testcase classname="com.taskmanager.util.DateValidatorTest" name="testDateFormats" time="0.000"/>
  <system-out/>
</testsuite> <!-- com.taskmanager.util.DateValidatorTest -->
