<?xml version="1.0" encoding="UTF-8"?>
<!-- Generated by org.testng.reporters.JUnitReportReporter -->
<testsuite hostname="maa2-19XVBMG5VQ" failures="0" tests="15" name="com.taskmanager.service.TaskServiceTest" time="0.010" errors="0" timestamp="2025-10-07T23:37:35 IST" skipped="0">
  <testcase classname="com.taskmanager.service.TaskServiceTest" name="testCreateTask" time="0.000"/>
  <system-out/>
  <testcase classname="com.taskmanager.service.TaskServiceTest" name="testAllTasks" time="0.001"/>
  <system-out/>
  <testcase classname="com.taskmanager.service.TaskServiceTest" name="testTaskById" time="0.001"/>
  <system-out/>
  <testcase classname="com.taskmanager.service.TaskServiceTest" name="testCreateTaskUsingPastDate" time="0.001"/>
  <system-out/>
  <testcase classname="com.taskmanager.service.TaskServiceTest" name="testDuplicateTask" time="0.000"/>
  <system-out/>
  <testcase classname="com.taskmanager.service.TaskServiceTest" name="testCreateTaskUsingPriorities" time="0.000"/>
  <system-out/>
  <testcase classname="com.taskmanager.service.TaskServiceTest" name="testCreateTaskWithoutTitle" time="0.000"/>
  <system-out/>
  <testcase classname="com.taskmanager.service.TaskServiceTest" name="testCreateTaskUsingPriorities" time="0.000"/>
  <system-out/>
  <testcase classname="com.taskmanager.service.TaskServiceTest" name="testUpdateTask" time="0.000"/>
  <system-out/>
  <testcase classname="com.taskmanager.service.TaskServiceTest" name="testCreateTaskUsingPriorities" time="0.003"/>
  <system-out/>
  <testcase classname="com.taskmanager.service.TaskServiceTest" name="testGetNonExistentTask" time="0.001"/>
  <system-out/>
  <testcase classname="com.taskmanager.service.TaskServiceTest" name="testTasksByCategory" time="0.001"/>
  <system-out/>
  <testcase classname="com.taskmanager.service.TaskServiceTest" name="testOverdueTasks" time="0.000"/>
  <system-out/>
  <testcase classname="com.taskmanager.service.TaskServiceTest" name="testTasksByStatus" time="0.001"/>
  <system-out/>
  <testcase classname="com.taskmanager.service.TaskServiceTest" name="testTasksByPriority" time="0.001"/>
  <system-out/>
</testsuite> <!-- com.taskmanager.service.TaskServiceTest -->
